<?xml version="1.0" encoding="UTF-8"?>
<testsuite name="LinkedListTest" tests="9" skipped="0" failures="0" errors="0" timestamp="2016-07-02T22:19:27" hostname="Jonathans-MacBook-Pro-7.local" time="0.004">
  <properties/>
  <testcase name="testPop" classname="LinkedListTest" time="0.001"/>
  <testcase name="testFind" classname="LinkedListTest" time="0.0"/>
  <testcase name="testTail" classname="LinkedListTest" time="0.0"/>
  <testcase name="testFindParent" classname="LinkedListTest" time="0.0"/>
  <testcase name="testHeadNode" classname="LinkedListTest" time="0.0"/>
  <testcase name="testInsertNode" classname="LinkedListTest" time="0.0"/>
  <testcase name="testDelete" classname="LinkedListTest" time="0.0"/>
  <testcase name="testLength" classname="LinkedListTest" time="0.001"/>
  <testcase name="testUpdate" classname="LinkedListTest" time="0.0"/>
  <system-out><![CDATA[]]></system-out>
  <system-err><![CDATA[]]></system-err>
</testsuite>
